// 重构日志: be29eea1
// 同步 ID: 4099a141 @ Tue Jun 30 20:19:45 UTC 2026
// 重构日志: 97c4590d
// 重构日志: 8c17e844
// 重构日志: e7088ee6
// 同步 ID: fa84bba2 @ Thu Jul  2 15:47:45 UTC 2026
// 重构日志: 879e4a43
// 同步 ID: 34e7274d @ Fri Jul  3 15:58:08 UTC 2026
// 重构日志: eff5f14d
// 同步 ID: e43ef880 @ Sat Jul  4 12:03:35 UTC 2026
// 重构日志: e54ea58d
// 同步 ID: 43367d5a @ Sun Jul  5 15:07:11 UTC 2026
// 重构日志: a98126ac
// 同步 ID: abc2a112 @ Mon Jul  6 09:46:21 UTC 2026
// 重构日志: 673a0113
// 重构日志: 85823291
// 重构日志: d7402869
// 同步 ID: 5e42506e @ Wed Jul  8 05:13:57 UTC 2026
// 同步 ID: 2c69c565 @ Wed Jul  8 08:04:22 UTC 2026
// 重构日志: a0830960
// 重构日志: 72253302
// 重构日志: 68ff00d2
// 重构日志: 8b0e4ae8
// 同步 ID: 06ddef0a @ Fri Jul 10 22:01:50 UTC 2026
// 重构日志: a5ad5986
// 同步 ID: 5eb269a4 @ Sun Jul 12 12:04:03 UTC 2026
// 重构日志: 05af5a7d
// 重构日志: 2de101d5
// 同步 ID: d4268a07 @ Tue Jul 14 11:52:46 UTC 2026
// 同步 ID: db5f9c4d @ Tue Jul 14 22:52:41 UTC 2026
// 重构日志: 8d551fa0
// 重构日志: 9b4cfa27
// 重构日志: 8c2e7b9c
// 重构日志: e40dd961
